<?xml version="1.0" encoding="UTF-8"?>
<!-- Generated by org.testng.reporters.JUnitReportReporter -->
<testsuite skipped="0" hostname="slearn-xbt" name="test.ParallelExecution" tests="3" failures="0" timestamp="2021-07-04T15:14:12 MYT" time="115.537" errors="0">
  <testcase name="Testcase2" time="42.031" classname="test.ParallelExecution"/>
  <system-out/>
  <testcase name="Testcase1" time="13.743" classname="test.ParallelExecution"/>
  <system-out/>
  <testcase name="Testcase3" time="59.763" classname="test.ParallelExecution"/>
  <system-out/>
</testsuite> <!-- test.ParallelExecution -->
