<?xml version="1.0" encoding="UTF-8"?>
<!-- Generated by org.testng.reporters.JUnitReportReporter -->
<testsuite skipped="0" hostname="slearn-xbt" name="test.ParallelExecution" tests="3" failures="0" timestamp="2021-07-24T18:42:04 MYT" time="37.821" errors="0">
  <testcase name="Testcase2" time="10.857" classname="test.ParallelExecution"/>
  <system-out/>
  <testcase name="Testcase3" time="19.837" classname="test.ParallelExecution"/>
  <system-out/>
  <testcase name="Testcase1" time="7.127" classname="test.ParallelExecution"/>
  <system-out/>
</testsuite> <!-- test.ParallelExecution -->
