<?xml version="1.0" encoding="UTF-8"?>
<!-- Generated by org.testng.reporters.JUnitReportReporter -->
<testsuite skipped="0" hostname="slearn-xbt" name="test.ParallelExecution" tests="3" failures="0" timestamp="2021-07-24T17:38:54 MYT" time="32.424" errors="0">
  <testcase name="Testcase3" time="18.178" classname="test.ParallelExecution"/>
  <system-out/>
  <testcase name="Testcase1" time="6.146" classname="test.ParallelExecution"/>
  <system-out/>
  <testcase name="Testcase2" time="8.100" classname="test.ParallelExecution"/>
  <system-out/>
</testsuite> <!-- test.ParallelExecution -->
