<?xml version="1.0" encoding="UTF-8"?>
<!-- Generated by org.testng.reporters.JUnitReportReporter -->
<testsuite skipped="0" hostname="slearn-xbt" name="tdd.PrimeNumTest" tests="2" failures="0" timestamp="2021-07-10T14:10:32 MYT" time="66.206" errors="0">
  <testcase name="PositiveTest" time="66.199" classname="tdd.PrimeNumTest"/>
  <system-out/>
  <testcase name="NegativeTest" time="0.007" classname="tdd.PrimeNumTest"/>
  <system-out/>
</testsuite> <!-- tdd.PrimeNumTest -->
